[debug] [2022-06-26T21:59:41.442Z] ----------------------------------------------------------------------
[debug] [2022-06-26T21:59:41.443Z] Command:       /usr/local/bin/node /usr/local/bin/firebase init
[debug] [2022-06-26T21:59:41.444Z] CLI Version:   11.1.0
[debug] [2022-06-26T21:59:41.444Z] Platform:      darwin
[debug] [2022-06-26T21:59:41.444Z] Node Version:  v16.15.1
[debug] [2022-06-26T21:59:41.444Z] Time:          Sun Jun 26 2022 17:59:41 GMT-0400 (Eastern Daylight Time)
[debug] [2022-06-26T21:59:41.445Z] ----------------------------------------------------------------------
[debug] 
[debug] [2022-06-26T21:59:41.450Z] > command requires scopes: ["email","openid","https://www.googleapis.com/auth/cloudplatformprojects.readonly","https://www.googleapis.com/auth/firebase","https://www.googleapis.com/auth/cloud-platform"]
[debug] [2022-06-26T21:59:41.450Z] > authorizing via signed-in user (pyamb.ebay@gmail.com)
[info] 
     ######## #### ########  ######## ########     ###     ######  ########
     ##        ##  ##     ## ##       ##     ##  ##   ##  ##       ##
     ######    ##  ########  ######   ########  #########  ######  ######
     ##        ##  ##    ##  ##       ##     ## ##     ##       ## ##
     ##       #### ##     ## ######## ########  ##     ##  ######  ########

You're about to initialize a Firebase project in this directory:

  /Users/patrickyambrick/Development/portfolio

[info] 
=== Project Setup
[info] 
[info] First, let's associate this project directory with a Firebase project.
[info] You can create multiple project aliases by running firebase use --add, 
[info] but for now we'll just set up a default project.
[info] 
[debug] [2022-06-26T21:59:47.094Z] > refreshing access token with scopes: []
[debug] [2022-06-26T21:59:47.098Z] >>> [apiv2][query] POST https://www.googleapis.com/oauth2/v3/token [none]
[debug] [2022-06-26T21:59:47.098Z] >>> [apiv2][body] POST https://www.googleapis.com/oauth2/v3/token [omitted]
[debug] [2022-06-26T21:59:47.286Z] <<< [apiv2][status] POST https://www.googleapis.com/oauth2/v3/token 200
[debug] [2022-06-26T21:59:47.286Z] <<< [apiv2][body] POST https://www.googleapis.com/oauth2/v3/token [omitted]
[debug] [2022-06-26T21:59:47.338Z] >>> [apiv2][query] GET https://firebase.googleapis.com/v1beta1/projects pageSize=100
[debug] [2022-06-26T21:59:47.685Z] <<< [apiv2][status] GET https://firebase.googleapis.com/v1beta1/projects 200
[debug] [2022-06-26T21:59:47.685Z] <<< [apiv2][body] GET https://firebase.googleapis.com/v1beta1/projects [omitted]
